Apr-19 14:27:53.018 [main] DEBUG nextflow.cli.Launcher - $> nextflow run alpha_div.nf -with-docker qiime2/core
Apr-19 14:27:53.084 [main] INFO  nextflow.cli.CmdRun - N E X T F L O W  ~  version 21.10.6
Apr-19 14:27:53.098 [main] INFO  nextflow.cli.CmdRun - Launching `alpha_div.nf` [jovial_cantor] - revision: 44e9839a3f
Apr-19 14:27:53.137 [main] DEBUG nextflow.config.ConfigBuilder - Enabling execution in Docker container as requested by cli option `-with-docker qiime2/core`
Apr-19 14:27:53.148 [main] DEBUG nextflow.plugin.PluginsFacade - Setting up plugin manager > mode=prod; plugins-dir=/home/philipp/.nextflow/plugins
Apr-19 14:27:53.149 [main] DEBUG nextflow.plugin.PluginsFacade - Plugins default=[]
Apr-19 14:27:53.156 [main] INFO  org.pf4j.DefaultPluginStatusProvider - Enabled plugins: []
Apr-19 14:27:53.156 [main] INFO  org.pf4j.DefaultPluginStatusProvider - Disabled plugins: []
Apr-19 14:27:53.158 [main] INFO  org.pf4j.DefaultPluginManager - PF4J version 3.4.1 in 'deployment' mode
Apr-19 14:27:53.164 [main] INFO  org.pf4j.AbstractPluginManager - No plugins
Apr-19 14:27:53.196 [main] DEBUG nextflow.Session - Session uuid: 0ad6fa46-9b0b-4f08-a7c9-57ae096e67bc
Apr-19 14:27:53.196 [main] DEBUG nextflow.Session - Run name: jovial_cantor
Apr-19 14:27:53.197 [main] DEBUG nextflow.Session - Executor pool size: 8
Apr-19 14:27:53.217 [main] DEBUG nextflow.cli.CmdRun - 
  Version: 21.10.6 build 5660
  Created: 21-12-2021 16:55 UTC (11:55 COST)
  System: Linux 5.15.0-69-generic
  Runtime: Groovy 3.0.9 on Java HotSpot(TM) 64-Bit Server VM 17.0.6+9-LTS-190
  Encoding: UTF-8 (UTF-8)
  Process: 469452@philippengeler [127.0.1.1]
  CPUs: 8 - Mem: 31 GB (5.7 GB) - Swap: 8 GB (7.8 GB)
Apr-19 14:27:53.231 [main] DEBUG nextflow.Session - Work-dir: /home/philipp/Documents/Airbiome_Project/taxprofiler/Airbiome_Project/work [ext2/ext3]
Apr-19 14:27:53.231 [main] DEBUG nextflow.Session - Script base path does not exist or is not a directory: /home/philipp/Documents/Airbiome_Project/taxprofiler/Airbiome_Project/bin
Apr-19 14:27:53.236 [main] DEBUG nextflow.executor.ExecutorFactory - Extension executors providers=[]
Apr-19 14:27:53.244 [main] DEBUG nextflow.Session - Observer factory: DefaultObserverFactory
Apr-19 14:27:53.272 [main] DEBUG nextflow.util.CustomThreadPool - Creating default thread pool > poolSize: 9; maxThreads: 1000
Apr-19 14:27:53.320 [main] DEBUG nextflow.Session - Session start invoked
Apr-19 14:27:53.877 [main] DEBUG nextflow.script.ScriptRunner - > Launching execution
Apr-19 14:27:53.968 [main] DEBUG nextflow.executor.ExecutorFactory - << taskConfig executor: null
Apr-19 14:27:53.968 [main] DEBUG nextflow.executor.ExecutorFactory - >> processorType: 'local'
Apr-19 14:27:53.972 [main] DEBUG nextflow.executor.Executor - [warm up] executor > local
Apr-19 14:27:53.976 [main] DEBUG n.processor.LocalPollingMonitor - Creating local task monitor for executor 'local' > cpus=8; memory=31 GB; capacity=8; pollInterval=100ms; dumpInterval=5m
Apr-19 14:27:53.989 [main] DEBUG nextflow.util.CustomThreadPool - Creating default thread pool > poolSize: 9; maxThreads: 1000
Apr-19 14:27:54.050 [main] DEBUG nextflow.executor.ExecutorFactory - << taskConfig executor: null
Apr-19 14:27:54.051 [main] DEBUG nextflow.executor.ExecutorFactory - >> processorType: 'local'
Apr-19 14:27:54.054 [main] DEBUG nextflow.Session - Workflow process names [dsl2]: remove_unnecessary_lines, alpha_diversity
Apr-19 14:27:54.054 [main] DEBUG nextflow.Session - Ignite dataflow network (2)
Apr-19 14:27:54.054 [main] DEBUG nextflow.processor.TaskProcessor - Starting process > alpha_diversity
Apr-19 14:27:54.055 [main] DEBUG nextflow.processor.TaskProcessor - Starting process > remove_unnecessary_lines
Apr-19 14:27:54.055 [main] DEBUG nextflow.script.ScriptRunner - > Await termination 
Apr-19 14:27:54.055 [main] DEBUG nextflow.Session - Session await
Apr-19 14:27:54.166 [Task submitter] DEBUG nextflow.executor.LocalTaskHandler - Launch cmd line: /bin/bash -ue .command.run
Apr-19 14:27:54.171 [Task submitter] INFO  nextflow.Session - [61/835611] Submitted process > alpha_diversity
Apr-19 14:30:04.869 [Task monitor] DEBUG n.processor.TaskPollingMonitor - Task completed > TaskHandler[id: 1; name: alpha_diversity; status: COMPLETED; exit: 0; error: -; workDir: /home/philipp/Documents/Airbiome_Project/taxprofiler/Airbiome_Project/work/61/83561147785793971dd61285f5fd2c]
Apr-19 14:30:04.883 [Task submitter] DEBUG nextflow.executor.LocalTaskHandler - Launch cmd line: /bin/bash -ue .command.run
Apr-19 14:30:04.883 [Task submitter] INFO  nextflow.Session - [b1/875f7c] Submitted process > remove_unnecessary_lines
Apr-19 14:30:04.884 [Task monitor] DEBUG n.util.BlockingThreadExecutorFactory - Thread pool name=FileTransfer; maxThreads=24; maxQueueSize=72; keepAlive=1m
Apr-19 14:30:05.464 [Task monitor] DEBUG n.processor.TaskPollingMonitor - Task completed > TaskHandler[id: 2; name: remove_unnecessary_lines; status: COMPLETED; exit: 0; error: -; workDir: /home/philipp/Documents/Airbiome_Project/taxprofiler/Airbiome_Project/work/b1/875f7cb576115726f683354ee7f2a9]
Apr-19 14:30:05.466 [main] DEBUG nextflow.Session - Session await > all process finished
Apr-19 14:30:05.467 [main] DEBUG nextflow.Session - Session await > all barriers passed
Apr-19 14:30:05.471 [main] DEBUG nextflow.trace.WorkflowStatsObserver - Workflow completed > WorkflowStats[succeededCount=2; failedCount=0; ignoredCount=0; cachedCount=0; pendingCount=0; submittedCount=0; runningCount=0; retriesCount=0; abortedCount=0; succeedDuration=2m 11s; failedDuration=0ms; cachedDuration=0ms;loadCpus=0; loadMemory=0; peakRunning=1; peakCpus=1; peakMemory=0; ]
Apr-19 14:30:05.649 [main] DEBUG nextflow.CacheDB - Closing CacheDB done
Apr-19 14:30:05.666 [main] DEBUG nextflow.script.ScriptRunner - > Execution complete -- Goodbye
